<html>
<head>
<title>TestNG:  Test</title>
<link href="../testng.css" rel="stylesheet" type="text/css" />
<link href="../my-testng.css" rel="stylesheet" type="text/css" />

<style type="text/css">
.log { display: none;} 
.stack-trace { display: none;} 
</style>
<script type="text/javascript">
<!--
function flip(e) {
  current = e.style.display;
  if (current == 'block') {
    e.style.display = 'none';
    return 0;
  }
  else {
    e.style.display = 'block';
    return 1;
  }
}

function toggleBox(szDivId, elem, msg1, msg2)
{
  var res = -1;  if (document.getElementById) {
    res = flip(document.getElementById(szDivId));
  }
  else if (document.all) {
    // this is the way old msie versions work
    res = flip(document.all[szDivId]);
  }
  if(elem) {
    if(res == 0) elem.innerHTML = msg1; else elem.innerHTML = msg2;
  }

}

function toggleAllBoxes() {
  if (document.getElementsByTagName) {
    d = document.getElementsByTagName('div');
    for (i = 0; i < d.length; i++) {
      if (d[i].className == 'log') {
        flip(d[i]);
      }
    }
  }
}

// -->
</script>

</head>
<body>
<h2 align='center'>Test</h2><table border='1' align="center">
<tr>
<td>Tests passed/Failed/Skipped:</td><td>20/4/0</td>
</tr><tr>
<td>Started on:</td><td>Wed Jun 14 14:22:40 PKT 2023</td>
</tr>
<tr><td>Total time:</td><td>40 seconds (40791 ms)</td>
</tr><tr>
<td>Included groups:</td><td></td>
</tr><tr>
<td>Excluded groups:</td><td></td>
</tr>
</table><p/>
<small><i>(Hover the method name to see the test class name)</i></small><p/>
<table width='100%' border='1' class='invocation-failed'>
<tr><td colspan='4' align='center'><b>FAILED TESTS</b></td></tr>
<tr><td><b>Test method</b></td>
<td><b>Attribute(s)</b></td>
<td width="30%"><b>Exception</b></td>
<td width="10%"><b>Time (seconds)</b></td>
<td><b>Instance</b></td>
</tr>
<tr>
<td title='com.restassured.usermanagment.api.testcases.UserManagemantTest.Test03()'><b>Test03</b><br>Test class: com.restassured.usermanagment.api.testcases.UserManagemantTest<br>Test method: Verify that user should not be able to login with invalid credentials</td>
<td><div><pre>java.lang.AssertionError: expected [401] but found [404]
	at com.restassured.usermanagment.api.testcases.UserManagemantTest.Test03(UserManagemantTest.java:74)
	at java.base/java.util.ArrayList.forEach(ArrayList.java:1511)
... Removed 34 stack frames</pre></div><a href='#' onClick='toggleBox("stack-trace424489630", this, "Click to show all stack frames", "Click to hide stack frames")'>Click to show all stack frames</a>
<div class='stack-trace' id='stack-trace424489630'><pre>java.lang.AssertionError: expected [401] but found [404]
	at org.testng.Assert.fail(Assert.java:110)
	at org.testng.Assert.failNotEquals(Assert.java:1577)
	at org.testng.Assert.assertEqualsImpl(Assert.java:149)
	at org.testng.Assert.assertEquals(Assert.java:131)
	at org.testng.Assert.assertEquals(Assert.java:1418)
	at org.testng.Assert.assertEquals(Assert.java:1382)
	at org.testng.Assert.assertEquals(Assert.java:1428)
	at com.restassured.usermanagment.api.testcases.UserManagemantTest.Test03(UserManagemantTest.java:74)
	at java.base/jdk.internal.reflect.NativeMethodAccessorImpl.invoke0(Native Method)
	at java.base/jdk.internal.reflect.NativeMethodAccessorImpl.invoke(NativeMethodAccessorImpl.java:77)
	at java.base/jdk.internal.reflect.DelegatingMethodAccessorImpl.invoke(DelegatingMethodAccessorImpl.java:43)
	at java.base/java.lang.reflect.Method.invoke(Method.java:568)
	at org.testng.internal.invokers.MethodInvocationHelper.invokeMethod(MethodInvocationHelper.java:139)
	at org.testng.internal.invokers.TestInvoker.invokeMethod(TestInvoker.java:677)
	at org.testng.internal.invokers.TestInvoker.invokeTestMethod(TestInvoker.java:221)
	at org.testng.internal.invokers.MethodRunner.runInSequence(MethodRunner.java:50)
	at org.testng.internal.invokers.TestInvoker$MethodInvocationAgent.invoke(TestInvoker.java:969)
	at org.testng.internal.invokers.TestInvoker.invokeTestMethods(TestInvoker.java:194)
	at org.testng.internal.invokers.TestMethodWorker.invokeTestMethods(TestMethodWorker.java:148)
	at org.testng.internal.invokers.TestMethodWorker.run(TestMethodWorker.java:128)
	at java.base/java.util.ArrayList.forEach(ArrayList.java:1511)
	at org.testng.TestRunner.privateRun(TestRunner.java:829)
	at org.testng.TestRunner.run(TestRunner.java:602)
	at org.testng.SuiteRunner.runTest(SuiteRunner.java:437)
	at org.testng.SuiteRunner.runSequentially(SuiteRunner.java:431)
	at org.testng.SuiteRunner.privateRun(SuiteRunner.java:391)
	at org.testng.SuiteRunner.run(SuiteRunner.java:330)
	at org.testng.SuiteRunnerWorker.runSuite(SuiteRunnerWorker.java:52)
	at org.testng.SuiteRunnerWorker.run(SuiteRunnerWorker.java:95)
	at org.testng.TestNG.runSuitesSequentially(TestNG.java:1256)
	at org.testng.TestNG.runSuitesLocally(TestNG.java:1176)
	at org.testng.TestNG.runSuites(TestNG.java:1099)
	at org.testng.TestNG.run(TestNG.java:1067)
	at org.testng.remote.AbstractRemoteTestNG.run(AbstractRemoteTestNG.java:115)
	at org.testng.remote.RemoteTestNG.initAndRun(RemoteTestNG.java:251)
	at org.testng.remote.RemoteTestNG.main(RemoteTestNG.java:77)
</pre></div></td>
<td>1</td>
<td>com.restassured.usermanagment.api.testcases.UserManagemantTest@a8ef162</td></tr>
<tr>
<td title='com.restassured.usermanagment.api.testcases.UserManagemantTest.Test02()'><b>Test02</b><br>Test class: com.restassured.usermanagment.api.testcases.UserManagemantTest<br>Test method: Verify that Login API returns unique api token every time</td>
<td><div><pre>java.lang.NullPointerException: Cannot invoke &quot;io.restassured.response.Response.getStatusCode()&quot; because &quot;response&quot; is null
	at com.restassured.usermanagment.api.testcases.UserManagemantTest.Test02(UserManagemantTest.java:52)
	at java.base/java.util.ArrayList.forEach(ArrayList.java:1511)
... Removed 27 stack frames</pre></div><a href='#' onClick='toggleBox("stack-trace1346799731", this, "Click to show all stack frames", "Click to hide stack frames")'>Click to show all stack frames</a>
<div class='stack-trace' id='stack-trace1346799731'><pre>java.lang.NullPointerException: Cannot invoke &quot;io.restassured.response.Response.getStatusCode()&quot; because &quot;response&quot; is null
	at com.restassured.usermanagment.api.testcases.UserManagemantTest.Test02(UserManagemantTest.java:52)
	at java.base/jdk.internal.reflect.NativeMethodAccessorImpl.invoke0(Native Method)
	at java.base/jdk.internal.reflect.NativeMethodAccessorImpl.invoke(NativeMethodAccessorImpl.java:77)
	at java.base/jdk.internal.reflect.DelegatingMethodAccessorImpl.invoke(DelegatingMethodAccessorImpl.java:43)
	at java.base/java.lang.reflect.Method.invoke(Method.java:568)
	at org.testng.internal.invokers.MethodInvocationHelper.invokeMethod(MethodInvocationHelper.java:139)
	at org.testng.internal.invokers.TestInvoker.invokeMethod(TestInvoker.java:677)
	at org.testng.internal.invokers.TestInvoker.invokeTestMethod(TestInvoker.java:221)
	at org.testng.internal.invokers.MethodRunner.runInSequence(MethodRunner.java:50)
	at org.testng.internal.invokers.TestInvoker$MethodInvocationAgent.invoke(TestInvoker.java:969)
	at org.testng.internal.invokers.TestInvoker.invokeTestMethods(TestInvoker.java:194)
	at org.testng.internal.invokers.TestMethodWorker.invokeTestMethods(TestMethodWorker.java:148)
	at org.testng.internal.invokers.TestMethodWorker.run(TestMethodWorker.java:128)
	at java.base/java.util.ArrayList.forEach(ArrayList.java:1511)
	at org.testng.TestRunner.privateRun(TestRunner.java:829)
	at org.testng.TestRunner.run(TestRunner.java:602)
	at org.testng.SuiteRunner.runTest(SuiteRunner.java:437)
	at org.testng.SuiteRunner.runSequentially(SuiteRunner.java:431)
	at org.testng.SuiteRunner.privateRun(SuiteRunner.java:391)
	at org.testng.SuiteRunner.run(SuiteRunner.java:330)
	at org.testng.SuiteRunnerWorker.runSuite(SuiteRunnerWorker.java:52)
	at org.testng.SuiteRunnerWorker.run(SuiteRunnerWorker.java:95)
	at org.testng.TestNG.runSuitesSequentially(TestNG.java:1256)
	at org.testng.TestNG.runSuitesLocally(TestNG.java:1176)
	at org.testng.TestNG.runSuites(TestNG.java:1099)
	at org.testng.TestNG.run(TestNG.java:1067)
	at org.testng.remote.AbstractRemoteTestNG.run(AbstractRemoteTestNG.java:115)
	at org.testng.remote.RemoteTestNG.initAndRun(RemoteTestNG.java:251)
	at org.testng.remote.RemoteTestNG.main(RemoteTestNG.java:77)
</pre></div></td>
<td>0</td>
<td>com.restassured.usermanagment.api.testcases.UserManagemantTest@a8ef162</td></tr>
<tr>
<td title='com.restassured.usermanagment.api.testcases.UserManagemantTest.Test01()'><b>Test01</b><br>Test class: com.restassured.usermanagment.api.testcases.UserManagemantTest<br>Test method: Verify login and get Authorizaion Token</td>
<td><div><pre>java.lang.NullPointerException: Cannot invoke &quot;io.restassured.response.Response.asString()&quot; because &quot;response&quot; is null
	at com.restassured.usermanagment.api.testcases.UserManagemantTest.Test01(UserManagemantTest.java:34)
	at java.base/java.util.ArrayList.forEach(ArrayList.java:1511)
... Removed 27 stack frames</pre></div><a href='#' onClick='toggleBox("stack-trace170052458", this, "Click to show all stack frames", "Click to hide stack frames")'>Click to show all stack frames</a>
<div class='stack-trace' id='stack-trace170052458'><pre>java.lang.NullPointerException: Cannot invoke &quot;io.restassured.response.Response.asString()&quot; because &quot;response&quot; is null
	at com.restassured.usermanagment.api.testcases.UserManagemantTest.Test01(UserManagemantTest.java:34)
	at java.base/jdk.internal.reflect.NativeMethodAccessorImpl.invoke0(Native Method)
	at java.base/jdk.internal.reflect.NativeMethodAccessorImpl.invoke(NativeMethodAccessorImpl.java:77)
	at java.base/jdk.internal.reflect.DelegatingMethodAccessorImpl.invoke(DelegatingMethodAccessorImpl.java:43)
	at java.base/java.lang.reflect.Method.invoke(Method.java:568)
	at org.testng.internal.invokers.MethodInvocationHelper.invokeMethod(MethodInvocationHelper.java:139)
	at org.testng.internal.invokers.TestInvoker.invokeMethod(TestInvoker.java:677)
	at org.testng.internal.invokers.TestInvoker.invokeTestMethod(TestInvoker.java:221)
	at org.testng.internal.invokers.MethodRunner.runInSequence(MethodRunner.java:50)
	at org.testng.internal.invokers.TestInvoker$MethodInvocationAgent.invoke(TestInvoker.java:969)
	at org.testng.internal.invokers.TestInvoker.invokeTestMethods(TestInvoker.java:194)
	at org.testng.internal.invokers.TestMethodWorker.invokeTestMethods(TestMethodWorker.java:148)
	at org.testng.internal.invokers.TestMethodWorker.run(TestMethodWorker.java:128)
	at java.base/java.util.ArrayList.forEach(ArrayList.java:1511)
	at org.testng.TestRunner.privateRun(TestRunner.java:829)
	at org.testng.TestRunner.run(TestRunner.java:602)
	at org.testng.SuiteRunner.runTest(SuiteRunner.java:437)
	at org.testng.SuiteRunner.runSequentially(SuiteRunner.java:431)
	at org.testng.SuiteRunner.privateRun(SuiteRunner.java:391)
	at org.testng.SuiteRunner.run(SuiteRunner.java:330)
	at org.testng.SuiteRunnerWorker.runSuite(SuiteRunnerWorker.java:52)
	at org.testng.SuiteRunnerWorker.run(SuiteRunnerWorker.java:95)
	at org.testng.TestNG.runSuitesSequentially(TestNG.java:1256)
	at org.testng.TestNG.runSuitesLocally(TestNG.java:1176)
	at org.testng.TestNG.runSuites(TestNG.java:1099)
	at org.testng.TestNG.run(TestNG.java:1067)
	at org.testng.remote.AbstractRemoteTestNG.run(AbstractRemoteTestNG.java:115)
	at org.testng.remote.RemoteTestNG.initAndRun(RemoteTestNG.java:251)
	at org.testng.remote.RemoteTestNG.main(RemoteTestNG.java:77)
</pre></div></td>
<td>0</td>
<td>com.restassured.usermanagment.api.testcases.UserManagemantTest@a8ef162</td></tr>
<tr>
<td title='com.restassured.usermanagment.api.testcases.UserManagemantTest.Test04()'><b>Test04</b><br>Test class: com.restassured.usermanagment.api.testcases.UserManagemantTest</td>
<td><div><pre>java.lang.AssertionError: 1 expectation failed.
Expected status code &lt;200&gt; but was &lt;404&gt;.

	at org.codehaus.groovy.runtime.callsite.ConstructorSite$ConstructorSiteNoUnwrapNoCoerce.callConstructor(ConstructorSite.java:108)
	at org.codehaus.groovy.runtime.callsite.CallSiteArray.defaultCallConstructor(CallSiteArray.java:57)
	at org.codehaus.groovy.runtime.callsite.AbstractCallSite.callConstructor(AbstractCallSite.java:263)
	at org.codehaus.groovy.runtime.callsite.AbstractCallSite.callConstructor(AbstractCallSite.java:277)
	at io.restassured.internal.ResponseSpecificationImpl$HamcrestAssertionClosure.validate(ResponseSpecificationImpl.groovy:512)
	at io.restassured.internal.ResponseSpecificationImpl$HamcrestAssertionClosure$validate$1.call(Unknown Source)
	at org.codehaus.groovy.runtime.callsite.CallSiteArray.defaultCall(CallSiteArray.java:45)
	at org.codehaus.groovy.runtime.callsite.AbstractCallSite.call(AbstractCallSite.java:125)
	at org.codehaus.groovy.runtime.callsite.AbstractCallSite.call(AbstractCallSite.java:139)
	at io.restassured.internal.ResponseSpecificationImpl.validateResponseIfRequired(ResponseSpecificationImpl.groovy:696)
	at io.restassured.internal.ResponseSpecificationImpl.this$2$validateResponseIfRequired(ResponseSpecificationImpl.groovy)
	at org.codehaus.groovy.runtime.callsite.PlainObjectMetaMethodSite.doInvoke(PlainObjectMetaMethodSite.java:43)
	at org.codehaus.groovy.runtime.callsite.PogoMetaMethodSite$PogoCachedMethodSiteNoUnwrapNoCoerce.invoke(PogoMetaMethodSite.java:198)
	at org.codehaus.groovy.runtime.callsite.PogoMetaMethodSite.callCurrent(PogoMetaMethodSite.java:62)
	at org.codehaus.groovy.runtime.callsite.CallSiteArray.defaultCallCurrent(CallSiteArray.java:49)
	at org.codehaus.groovy.runtime.callsite.AbstractCallSite.callCurrent(AbstractCallSite.java:171)
	at org.codehaus.groovy.runtime.callsite.AbstractCallSite.callCurrent(AbstractCallSite.java:185)
	at io.restassured.internal.ResponseSpecificationImpl.statusCode(ResponseSpecificationImpl.groovy:135)
	at io.restassured.specification.ResponseSpecification$statusCode$0.callCurrent(Unknown Source)
	at org.codehaus.groovy.runtime.callsite.CallSiteArray.defaultCallCurrent(CallSiteArray.java:49)
	at org.codehaus.groovy.runtime.callsite.AbstractCallSite.callCurrent(AbstractCallSite.java:171)
	at org.codehaus.groovy.runtime.callsite.AbstractCallSite.callCurrent(AbstractCallSite.java:185)
	at io.restassured.internal.ResponseSpecificationImpl.statusCode(ResponseSpecificationImpl.groovy:143)
	at io.restassured.internal.ValidatableResponseOptionsImpl.statusCode(ValidatableResponseOptionsImpl.java:89)
	at com.restassured.login.authentication.Login.login(Login.java:47)
	at com.restassured.usermanagment.api.testcases.UserManagemantTest.Test04(UserManagemantTest.java:81)
	at java.base/java.util.ArrayList.forEach(ArrayList.java:1511)
... Removed 37 stack frames</pre></div><a href='#' onClick='toggleBox("stack-trace1907758892", this, "Click to show all stack frames", "Click to hide stack frames")'>Click to show all stack frames</a>
<div class='stack-trace' id='stack-trace1907758892'><pre>java.lang.AssertionError: 1 expectation failed.
Expected status code &lt;200&gt; but was &lt;404&gt;.

	at java.base/jdk.internal.reflect.NativeConstructorAccessorImpl.newInstance0(Native Method)
	at java.base/jdk.internal.reflect.NativeConstructorAccessorImpl.newInstance(NativeConstructorAccessorImpl.java:77)
	at java.base/jdk.internal.reflect.DelegatingConstructorAccessorImpl.newInstance(DelegatingConstructorAccessorImpl.java:45)
	at java.base/java.lang.reflect.Constructor.newInstanceWithCaller(Constructor.java:499)
	at java.base/java.lang.reflect.Constructor.newInstance(Constructor.java:480)
	at org.codehaus.groovy.reflection.CachedConstructor.invoke(CachedConstructor.java:73)
	at org.codehaus.groovy.runtime.callsite.ConstructorSite$ConstructorSiteNoUnwrapNoCoerce.callConstructor(ConstructorSite.java:108)
	at org.codehaus.groovy.runtime.callsite.CallSiteArray.defaultCallConstructor(CallSiteArray.java:57)
	at org.codehaus.groovy.runtime.callsite.AbstractCallSite.callConstructor(AbstractCallSite.java:263)
	at org.codehaus.groovy.runtime.callsite.AbstractCallSite.callConstructor(AbstractCallSite.java:277)
	at io.restassured.internal.ResponseSpecificationImpl$HamcrestAssertionClosure.validate(ResponseSpecificationImpl.groovy:512)
	at io.restassured.internal.ResponseSpecificationImpl$HamcrestAssertionClosure$validate$1.call(Unknown Source)
	at org.codehaus.groovy.runtime.callsite.CallSiteArray.defaultCall(CallSiteArray.java:45)
	at org.codehaus.groovy.runtime.callsite.AbstractCallSite.call(AbstractCallSite.java:125)
	at org.codehaus.groovy.runtime.callsite.AbstractCallSite.call(AbstractCallSite.java:139)
	at io.restassured.internal.ResponseSpecificationImpl.validateResponseIfRequired(ResponseSpecificationImpl.groovy:696)
	at io.restassured.internal.ResponseSpecificationImpl.this$2$validateResponseIfRequired(ResponseSpecificationImpl.groovy)
	at java.base/jdk.internal.reflect.NativeMethodAccessorImpl.invoke0(Native Method)
	at java.base/jdk.internal.reflect.NativeMethodAccessorImpl.invoke(NativeMethodAccessorImpl.java:77)
	at java.base/jdk.internal.reflect.DelegatingMethodAccessorImpl.invoke(DelegatingMethodAccessorImpl.java:43)
	at java.base/java.lang.reflect.Method.invoke(Method.java:568)
	at org.codehaus.groovy.runtime.callsite.PlainObjectMetaMethodSite.doInvoke(PlainObjectMetaMethodSite.java:43)
	at org.codehaus.groovy.runtime.callsite.PogoMetaMethodSite$PogoCachedMethodSiteNoUnwrapNoCoerce.invoke(PogoMetaMethodSite.java:198)
	at org.codehaus.groovy.runtime.callsite.PogoMetaMethodSite.callCurrent(PogoMetaMethodSite.java:62)
	at org.codehaus.groovy.runtime.callsite.CallSiteArray.defaultCallCurrent(CallSiteArray.java:49)
	at org.codehaus.groovy.runtime.callsite.AbstractCallSite.callCurrent(AbstractCallSite.java:171)
	at org.codehaus.groovy.runtime.callsite.AbstractCallSite.callCurrent(AbstractCallSite.java:185)
	at io.restassured.internal.ResponseSpecificationImpl.statusCode(ResponseSpecificationImpl.groovy:135)
	at io.restassured.specification.ResponseSpecification$statusCode$0.callCurrent(Unknown Source)
	at org.codehaus.groovy.runtime.callsite.CallSiteArray.defaultCallCurrent(CallSiteArray.java:49)
	at org.codehaus.groovy.runtime.callsite.AbstractCallSite.callCurrent(AbstractCallSite.java:171)
	at org.codehaus.groovy.runtime.callsite.AbstractCallSite.callCurrent(AbstractCallSite.java:185)
	at io.restassured.internal.ResponseSpecificationImpl.statusCode(ResponseSpecificationImpl.groovy:143)
	at io.restassured.internal.ValidatableResponseOptionsImpl.statusCode(ValidatableResponseOptionsImpl.java:89)
	at com.restassured.login.authentication.Login.login(Login.java:47)
	at com.restassured.usermanagment.api.testcases.UserManagemantTest.Test04(UserManagemantTest.java:81)
	at java.base/jdk.internal.reflect.NativeMethodAccessorImpl.invoke0(Native Method)
	at java.base/jdk.internal.reflect.NativeMethodAccessorImpl.invoke(NativeMethodAccessorImpl.java:77)
	at java.base/jdk.internal.reflect.DelegatingMethodAccessorImpl.invoke(DelegatingMethodAccessorImpl.java:43)
	at java.base/java.lang.reflect.Method.invoke(Method.java:568)
	at org.testng.internal.invokers.MethodInvocationHelper.invokeMethod(MethodInvocationHelper.java:139)
	at org.testng.internal.invokers.TestInvoker.invokeMethod(TestInvoker.java:677)
	at org.testng.internal.invokers.TestInvoker.invokeTestMethod(TestInvoker.java:221)
	at org.testng.internal.invokers.MethodRunner.runInSequence(MethodRunner.java:50)
	at org.testng.internal.invokers.TestInvoker$MethodInvocationAgent.invoke(TestInvoker.java:969)
	at org.testng.internal.invokers.TestInvoker.invokeTestMethods(TestInvoker.java:194)
	at org.testng.internal.invokers.TestMethodWorker.invokeTestMethods(TestMethodWorker.java:148)
	at org.testng.internal.invokers.TestMethodWorker.run(TestMethodWorker.java:128)
	at java.base/java.util.ArrayList.forEach(ArrayList.java:1511)
	at org.testng.TestRunner.privateRun(TestRunner.java:829)
	at org.testng.TestRunner.run(TestRunner.java:602)
	at org.testng.SuiteRunner.runTest(SuiteRunner.java:437)
	at org.testng.SuiteRunner.runSequentially(SuiteRunner.java:431)
	at org.testng.SuiteRunner.privateRun(SuiteRunner.java:391)
	at org.testng.SuiteRunner.run(SuiteRunner.java:330)
	at org.testng.SuiteRunnerWorker.runSuite(SuiteRunnerWorker.java:52)
	at org.testng.SuiteRunnerWorker.run(SuiteRunnerWorker.java:95)
	at org.testng.TestNG.runSuitesSequentially(TestNG.java:1256)
	at org.testng.TestNG.runSuitesLocally(TestNG.java:1176)
	at org.testng.TestNG.runSuites(TestNG.java:1099)
	at org.testng.TestNG.run(TestNG.java:1067)
	at org.testng.remote.AbstractRemoteTestNG.run(AbstractRemoteTestNG.java:115)
	at org.testng.remote.RemoteTestNG.initAndRun(RemoteTestNG.java:251)
	at org.testng.remote.RemoteTestNG.main(RemoteTestNG.java:77)
</pre></div></td>
<td>0</td>
<td>com.restassured.usermanagment.api.testcases.UserManagemantTest@a8ef162</td></tr>
</table><p>
<table width='100%' border='1' class='invocation-passed'>
<tr><td colspan='4' align='center'><b>PASSED TESTS</b></td></tr>
<tr><td><b>Test method</b></td>
<td><b>Attribute(s)</b></td>
<td width="30%"><b>Exception</b></td>
<td width="10%"><b>Time (seconds)</b></td>
<td><b>Instance</b></td>
</tr>
<tr>
<td title='com.restassured.zindgi.testcases.Z2ZTransfer.Z2ZTransaction()'><b>Z2ZTransaction</b><br>Test class: com.restassured.zindgi.testcases.Z2ZTransfer</td>
<td></td>
<td>11</td>
<td>com.restassured.zindgi.testcases.Z2ZTransfer@238d68ff</td></tr>
<tr>
<td title='com.restassured.usermanagment.api.testcases.UseCaseManagmentTest.getAllUseCases()'><b>getAllUseCases</b><br>Test class: com.restassured.usermanagment.api.testcases.UseCaseManagmentTest<br>Test method: Get All Usecases</td>
<td></td>
<td>0</td>
<td>com.restassured.usermanagment.api.testcases.UseCaseManagmentTest@79defdc</td></tr>
<tr>
<td title='com.restassured.usermanagment.api.testcases.UseCaseManagmentTest.createUsecase()'><b>createUsecase</b><br>Test class: com.restassured.usermanagment.api.testcases.UseCaseManagmentTest<br>Test method: Create Usecase and verify newly created usecase</td>
<td></td>
<td>2</td>
<td>com.restassured.usermanagment.api.testcases.UseCaseManagmentTest@79defdc</td></tr>
<tr>
<td title='com.restassured.demo.api.testcases.AuthApiTest.test_00()'><b>test_00</b><br>Test class: com.restassured.demo.api.testcases.AuthApiTest<br>Test method: Basic performance senity of unlock the barn API</td>
<td></td>
<td>0</td>
<td>com.restassured.demo.api.testcases.AuthApiTest@18317edc</td></tr>
<tr>
<td title='com.restassured.demo.api.testcases.APITest.test_01()'><b>test_01</b><br>Test class: com.restassured.demo.api.testcases.APITest<br>Test method: Response code should be 200</td>
<td></td>
<td>0</td>
<td>com.restassured.demo.api.testcases.APITest@4e0ae11f</td></tr>
<tr>
<td title='com.restassured.google.ui.testcases.GoogleTest.test1Function()'><b>test1Function</b><br>Test class: com.restassured.google.ui.testcases.GoogleTest<br>Test method: Go to Google search page and find Element</td>
<td></td>
<td>3</td>
<td>com.restassured.google.ui.testcases.GoogleTest@4b86805d</td></tr>
<tr>
<td title='com.restassured.demo.api.testcases.APITest.test_07()'><b>test_07</b><br>Test class: com.restassured.demo.api.testcases.APITest<br>Test method: passing headers</td>
<td></td>
<td>0</td>
<td>com.restassured.demo.api.testcases.APITest@4e0ae11f</td></tr>
<tr>
<td title='com.restassured.demo.api.testcases.AuthApiTest.test_03()'><b>test_03</b><br>Test class: com.restassured.demo.api.testcases.AuthApiTest<br>Test method: Verity that the chickens are fad</td>
<td></td>
<td>0</td>
<td>com.restassured.demo.api.testcases.AuthApiTest@18317edc</td></tr>
<tr>
<td title='com.restassured.demo.api.testcases.APITest.test_02()'><b>test_02</b><br>Test class: com.restassured.demo.api.testcases.APITest<br>Test method: Velidate First name and last name</td>
<td></td>
<td>0</td>
<td>com.restassured.demo.api.testcases.APITest@4e0ae11f</td></tr>
<tr>
<td title='com.restassured.google.ui.testcases.GoogleTest.test0Function()'><b>test0Function</b><br>Test class: com.restassured.google.ui.testcases.GoogleTest<br>Test method: Go to Google search page</td>
<td></td>
<td>6</td>
<td>com.restassured.google.ui.testcases.GoogleTest@4b86805d</td></tr>
<tr>
<td title='com.restassured.demo.api.testcases.AuthApiTest.test_02()'><b>test_02</b><br>Test class: com.restassured.demo.api.testcases.AuthApiTest<br>Test method: Verify that toilet seat is down</td>
<td></td>
<td>1</td>
<td>com.restassured.demo.api.testcases.AuthApiTest@18317edc</td></tr>
<tr>
<td title='com.restassured.demo.api.testcases.AuthApiTest.test_04()'><b>test_04</b><br>Test class: com.restassured.demo.api.testcases.AuthApiTest<br>Test method: Create nested json using model classes</td>
<td></td>
<td>0</td>
<td>com.restassured.demo.api.testcases.AuthApiTest@18317edc</td></tr>
<tr>
<td title='com.restassured.demo.api.testcases.APITest.test_05()'><b>test_05</b><br>Test class: com.restassured.demo.api.testcases.APITest<br>Test method: Get body form json file and verify</td>
<td></td>
<td>0</td>
<td>com.restassured.demo.api.testcases.APITest@4e0ae11f</td></tr>
<tr>
<td title='com.restassured.google.ui.testcases.GoogleTest.testFunction()'><b>testFunction</b><br>Test class: com.restassured.google.ui.testcases.GoogleTest<br>Test method: Initiate Chrome Browser</td>
<td></td>
<td>3</td>
<td>com.restassured.google.ui.testcases.GoogleTest@4b86805d</td></tr>
<tr>
<td title='com.restassured.demo.api.testcases.APITest.test_03()'><b>test_03</b><br>Test class: com.restassured.demo.api.testcases.APITest<br>Test method: log all json on log</td>
<td></td>
<td>0</td>
<td>com.restassured.demo.api.testcases.APITest@4e0ae11f</td></tr>
<tr>
<td title='com.restassured.demo.api.testcases.APITest.test_04()'><b>test_04</b><br>Test class: com.restassured.demo.api.testcases.APITest<br>Test method: Providing incorrect headers</td>
<td></td>
<td>0</td>
<td>com.restassured.demo.api.testcases.APITest@4e0ae11f</td></tr>
<tr>
<td title='com.restassured.usermanagment.api.testcases.UseCaseManagmentTest.updateUseCase()'><b>updateUseCase</b><br>Test class: com.restassured.usermanagment.api.testcases.UseCaseManagmentTest<br>Test method: Update Usecase and verify Updated usecase</td>
<td></td>
<td>1</td>
<td>com.restassured.usermanagment.api.testcases.UseCaseManagmentTest@79defdc</td></tr>
<tr>
<td title='com.restassured.demo.api.testcases.AuthApiTest.test_01()'><b>test_01</b><br>Test class: com.restassured.demo.api.testcases.AuthApiTest<br>Test method: Unlock the Barn</td>
<td></td>
<td>0</td>
<td>com.restassured.demo.api.testcases.AuthApiTest@18317edc</td></tr>
<tr>
<td title='com.restassured.demo.api.testcases.APITest.test_06()'><b>test_06</b><br>Test class: com.restassured.demo.api.testcases.APITest<br>Test method: Get and edit json file on run time</td>
<td></td>
<td>0</td>
<td>com.restassured.demo.api.testcases.APITest@4e0ae11f</td></tr>
<tr>
<td title='com.restassured.demo.api.testcases.APITest.test_08()'><b>test_08</b><br>Test class: com.restassured.demo.api.testcases.APITest<br>Test method: Passing body and Headers</td>
<td></td>
<td>0</td>
<td>com.restassured.demo.api.testcases.APITest@4e0ae11f</td></tr>
</table><p>
</body>
</html>